<?xml version="1.0" encoding="UTF-8"?>
<testng-results skipped="0" failed="0" ignored="0" total="1" passed="1">
  <reporter-output>
  </reporter-output>
  <suite name="TestNGTests" duration-ms="44418" started-at="2018-05-01T08:16:28Z" finished-at="2018-05-01T08:17:12Z">
    <groups>
    </groups>
    <test name="All Tests" duration-ms="44418" started-at="2018-05-01T08:16:28Z" finished-at="2018-05-01T08:17:12Z">
      <class name="YoutubeTest">
        <test-method status="PASS" signature="startBrowser()[pri:0, instance:YoutubeTest@42d3bd8b]" name="startBrowser" is-config="true" duration-ms="3851" started-at="2018-05-01T11:16:28Z" finished-at="2018-05-01T11:16:32Z">
          <reporter-output>
          </reporter-output>
        </test-method> <!-- startBrowser -->
        <test-method status="PASS" signature="init()[pri:0, instance:YoutubeTest@42d3bd8b]" name="init" duration-ms="39770" started-at="2018-05-01T11:16:32Z" finished-at="2018-05-01T11:17:12Z">
          <reporter-output>
          </reporter-output>
        </test-method> <!-- init -->
        <test-method status="PASS" signature="endBrowser()[pri:0, instance:YoutubeTest@42d3bd8b]" name="endBrowser" is-config="true" duration-ms="776" started-at="2018-05-01T11:17:12Z" finished-at="2018-05-01T11:17:12Z">
          <reporter-output>
          </reporter-output>
        </test-method> <!-- endBrowser -->
      </class> <!-- YoutubeTest -->
    </test> <!-- All Tests -->
  </suite> <!-- TestNGTests -->
</testng-results>
